2025-06-30 16:09:56 [background-preinit] INFO  o.h.validator.internal.util.Version - HV000001: Hibernate Validator 6.2.5.Final
2025-06-30 16:09:56 [main] INFO  com.ruoyi.RuoYiApplication - Starting RuoYiApplication using Java 1.8.0_442 on WeiMacm.local with PID 7512 (/Users/w/Documents/chess_code_2/ruoyi/target/classes started by w in /Users/w/Documents/chess_code_2)
2025-06-30 16:09:56 [main] INFO  com.ruoyi.RuoYiApplication - The following 1 profile is active: "dev"
2025-06-30 16:09:57 [main] INFO  io.undertow.servlet - Initializing Spring embedded WebApplicationContext
2025-06-30 16:09:57 [main] INFO  c.b.d.d.DynamicRoutingDataSource - dynamic-datasource detect P6SPY plugin and enabled it
2025-06-30 16:09:57 [main] INFO  com.zaxxer.hikari.HikariDataSource - master - Starting...
2025-06-30 16:09:58 [main] INFO  com.zaxxer.hikari.HikariDataSource - master - Start completed.
2025-06-30 16:09:58 [main] INFO  c.b.d.d.DynamicRoutingDataSource - dynamic-datasource - add a datasource named [master] success
2025-06-30 16:09:58 [main] INFO  c.b.d.d.DynamicRoutingDataSource - dynamic-datasource initial loaded [1] datasource,primary datasource named [master]
2025-06-30 16:09:59 [main] INFO  c.r.framework.config.JacksonConfig - 初始化 jackson 配置
2025-06-30 16:10:00 [main] INFO  c.ruoyi.framework.config.RedisConfig - 初始化 redis 配置
2025-06-30 16:10:00 [main] INFO  org.redisson.Version - Redisson 3.20.1
2025-06-30 16:10:00 [main] INFO  c.b.d.d.DynamicRoutingDataSource - dynamic-datasource start closing ....
2025-06-30 16:10:00 [main] INFO  com.zaxxer.hikari.HikariDataSource - master - Shutdown initiated...
2025-06-30 16:10:00 [main] INFO  com.zaxxer.hikari.HikariDataSource - master - Shutdown completed.
2025-06-30 16:10:00 [main] INFO  c.b.d.d.DynamicRoutingDataSource - dynamic-datasource all closed success,bye
2025-06-30 16:11:01 [background-preinit] INFO  o.h.validator.internal.util.Version - HV000001: Hibernate Validator 6.2.5.Final
2025-06-30 16:11:01 [main] INFO  com.ruoyi.RuoYiApplication - Starting RuoYiApplication using Java 1.8.0_442 on WeiMacm.local with PID 7602 (/Users/w/Documents/chess_code_2/ruoyi/target/classes started by w in /Users/w/Documents/chess_code_2)
2025-06-30 16:11:01 [main] INFO  com.ruoyi.RuoYiApplication - The following 1 profile is active: "dev"
2025-06-30 16:11:02 [main] INFO  io.undertow.servlet - Initializing Spring embedded WebApplicationContext
2025-06-30 16:11:02 [main] INFO  c.b.d.d.DynamicRoutingDataSource - dynamic-datasource detect P6SPY plugin and enabled it
2025-06-30 16:11:02 [main] INFO  com.zaxxer.hikari.HikariDataSource - master - Starting...
2025-06-30 16:11:02 [main] INFO  com.zaxxer.hikari.HikariDataSource - master - Start completed.
2025-06-30 16:11:02 [main] INFO  c.b.d.d.DynamicRoutingDataSource - dynamic-datasource - add a datasource named [master] success
2025-06-30 16:11:02 [main] INFO  c.b.d.d.DynamicRoutingDataSource - dynamic-datasource initial loaded [1] datasource,primary datasource named [master]
2025-06-30 16:11:03 [main] INFO  c.r.framework.config.JacksonConfig - 初始化 jackson 配置
2025-06-30 16:11:03 [main] INFO  c.ruoyi.framework.config.RedisConfig - 初始化 redis 配置
2025-06-30 16:11:03 [main] INFO  org.redisson.Version - Redisson 3.20.1
2025-06-30 16:11:03 [redisson-netty-2-1] INFO  o.r.c.p.MasterPubSubConnectionPool - 1 connections initialized for 47.116.162.173/47.116.162.173:6381
2025-06-30 16:11:04 [redisson-netty-2-3] INFO  o.r.c.pool.MasterConnectionPool - 8 connections initialized for 47.116.162.173/47.116.162.173:6381
2025-06-30 16:11:04 [main] INFO  io.undertow - starting server: Undertow - 2.2.28.Final
2025-06-30 16:11:04 [main] INFO  org.xnio - XNIO version 3.8.7.Final
2025-06-30 16:11:04 [main] INFO  org.xnio.nio - XNIO NIO Implementation Version 3.8.7.Final
2025-06-30 16:11:04 [main] INFO  org.jboss.threads - JBoss Threads version 3.1.0.Final
2025-06-30 16:11:04 [main] INFO  com.ruoyi.RuoYiApplication - Started RuoYiApplication in 3.649 seconds (JVM running for 3.946)
2025-06-30 16:11:04 [main] INFO  c.r.c.w.l.WebSocketTopicListener - 初始化WebSocket主题订阅监听器成功
2025-06-30 16:11:05 [main] INFO  c.r.s.runner.SystemApplicationRunner - 初始化OSS配置成功
2025-06-30 16:11:05 [main] INFO  c.r.s.runner.SystemApplicationRunner - 加载参数缓存数据成功
2025-06-30 16:11:05 [main] INFO  c.r.s.runner.SystemApplicationRunner - 加载字典缓存数据成功
2025-06-30 16:11:05 [RMI TCP Connection(4)-127.0.0.1] INFO  io.undertow.servlet - Initializing Spring DispatcherServlet 'dispatcherServlet'
