2025-03-31 02:12:01 [redisson-timer-4-1] ERROR o.r.c.handler.PingConnectionHandler - Unable to send PING command over channel: [id: 0x1e549bf6, L:/192.168.1.103:57574 - R:192.10.84.130/192.10.84.130:6381]
org.redisson.client.RedisTimeoutException: Command execution timeout for command: (PING), params: [], Redis client: [addr=redis://192.10.84.130:6381]
	at org.redisson.client.RedisConnection.lambda$async$0(RedisConnection.java:261)
	at io.netty.util.HashedWheelTimer$HashedWheelTimeout.run(HashedWheelTimer.java:715)
	at io.netty.util.concurrent.ImmediateExecutor.execute(ImmediateExecutor.java:34)
	at io.netty.util.HashedWheelTimer$HashedWheelTimeout.expire(HashedWheelTimer.java:703)
	at io.netty.util.HashedWheelTimer$HashedWheelBucket.expireTimeouts(HashedWheelTimer.java:790)
	at io.netty.util.HashedWheelTimer$Worker.run(HashedWheelTimer.java:503)
	at io.netty.util.concurrent.FastThreadLocalRunnable.run(FastThreadLocalRunnable.java:30)
	at java.lang.Thread.run(Thread.java:750)
2025-03-31 02:12:03 [redisson-timer-4-1] ERROR o.r.c.handler.PingConnectionHandler - Unable to send PING command over channel: [id: 0x301a1412, L:/192.168.1.103:57578 - R:192.10.84.130/192.10.84.130:6381]
org.redisson.client.RedisTimeoutException: Command execution timeout for command: (PING), params: [], Redis client: [addr=redis://192.10.84.130:6381]
	at org.redisson.client.RedisConnection.lambda$async$0(RedisConnection.java:261)
	at io.netty.util.HashedWheelTimer$HashedWheelTimeout.run(HashedWheelTimer.java:715)
	at io.netty.util.concurrent.ImmediateExecutor.execute(ImmediateExecutor.java:34)
	at io.netty.util.HashedWheelTimer$HashedWheelTimeout.expire(HashedWheelTimer.java:703)
	at io.netty.util.HashedWheelTimer$HashedWheelBucket.expireTimeouts(HashedWheelTimer.java:790)
	at io.netty.util.HashedWheelTimer$Worker.run(HashedWheelTimer.java:503)
	at io.netty.util.concurrent.FastThreadLocalRunnable.run(FastThreadLocalRunnable.java:30)
	at java.lang.Thread.run(Thread.java:750)
2025-03-31 02:12:03 [redisson-timer-4-1] ERROR o.r.c.handler.PingConnectionHandler - Unable to send PING command over channel: [id: 0x644f183d, L:/192.168.1.103:57579 - R:192.10.84.130/192.10.84.130:6381]
org.redisson.client.RedisTimeoutException: Command execution timeout for command: (PING), params: [], Redis client: [addr=redis://192.10.84.130:6381]
	at org.redisson.client.RedisConnection.lambda$async$0(RedisConnection.java:261)
	at io.netty.util.HashedWheelTimer$HashedWheelTimeout.run(HashedWheelTimer.java:715)
	at io.netty.util.concurrent.ImmediateExecutor.execute(ImmediateExecutor.java:34)
	at io.netty.util.HashedWheelTimer$HashedWheelTimeout.expire(HashedWheelTimer.java:703)
	at io.netty.util.HashedWheelTimer$HashedWheelBucket.expireTimeouts(HashedWheelTimer.java:790)
	at io.netty.util.HashedWheelTimer$Worker.run(HashedWheelTimer.java:503)
	at io.netty.util.concurrent.FastThreadLocalRunnable.run(FastThreadLocalRunnable.java:30)
	at java.lang.Thread.run(Thread.java:750)
2025-03-31 02:12:05 [redisson-timer-4-1] ERROR o.r.c.handler.PingConnectionHandler - Unable to send PING command over channel: [id: 0x3aef1986, L:/192.168.1.103:58004 - R:192.10.84.130/192.10.84.130:6381]
org.redisson.client.RedisTimeoutException: Command execution timeout for command: (PING), params: [], Redis client: [addr=redis://192.10.84.130:6381]
	at org.redisson.client.RedisConnection.lambda$async$0(RedisConnection.java:261)
	at io.netty.util.HashedWheelTimer$HashedWheelTimeout.run(HashedWheelTimer.java:715)
	at io.netty.util.concurrent.ImmediateExecutor.execute(ImmediateExecutor.java:34)
	at io.netty.util.HashedWheelTimer$HashedWheelTimeout.expire(HashedWheelTimer.java:703)
	at io.netty.util.HashedWheelTimer$HashedWheelBucket.expireTimeouts(HashedWheelTimer.java:790)
	at io.netty.util.HashedWheelTimer$Worker.run(HashedWheelTimer.java:503)
	at io.netty.util.concurrent.FastThreadLocalRunnable.run(FastThreadLocalRunnable.java:30)
	at java.lang.Thread.run(Thread.java:750)
2025-03-31 02:12:05 [redisson-timer-4-1] ERROR o.r.c.handler.PingConnectionHandler - Unable to send PING command over channel: [id: 0xdd3c2186, L:/192.168.1.103:58007 - R:192.10.84.130/192.10.84.130:6381]
org.redisson.client.RedisTimeoutException: Command execution timeout for command: (PING), params: [], Redis client: [addr=redis://192.10.84.130:6381]
	at org.redisson.client.RedisConnection.lambda$async$0(RedisConnection.java:261)
	at io.netty.util.HashedWheelTimer$HashedWheelTimeout.run(HashedWheelTimer.java:715)
	at io.netty.util.concurrent.ImmediateExecutor.execute(ImmediateExecutor.java:34)
	at io.netty.util.HashedWheelTimer$HashedWheelTimeout.expire(HashedWheelTimer.java:703)
	at io.netty.util.HashedWheelTimer$HashedWheelBucket.expireTimeouts(HashedWheelTimer.java:790)
	at io.netty.util.HashedWheelTimer$Worker.run(HashedWheelTimer.java:503)
	at io.netty.util.concurrent.FastThreadLocalRunnable.run(FastThreadLocalRunnable.java:30)
	at java.lang.Thread.run(Thread.java:750)
2025-03-31 02:12:05 [redisson-timer-4-1] ERROR o.r.c.handler.PingConnectionHandler - Unable to send PING command over channel: [id: 0x9bb35489, L:/192.168.1.103:58005 - R:192.10.84.130/192.10.84.130:6381]
org.redisson.client.RedisTimeoutException: Command execution timeout for command: (PING), params: [], Redis client: [addr=redis://192.10.84.130:6381]
	at org.redisson.client.RedisConnection.lambda$async$0(RedisConnection.java:261)
	at io.netty.util.HashedWheelTimer$HashedWheelTimeout.run(HashedWheelTimer.java:715)
	at io.netty.util.concurrent.ImmediateExecutor.execute(ImmediateExecutor.java:34)
	at io.netty.util.HashedWheelTimer$HashedWheelTimeout.expire(HashedWheelTimer.java:703)
	at io.netty.util.HashedWheelTimer$HashedWheelBucket.expireTimeouts(HashedWheelTimer.java:790)
	at io.netty.util.HashedWheelTimer$Worker.run(HashedWheelTimer.java:503)
	at io.netty.util.concurrent.FastThreadLocalRunnable.run(FastThreadLocalRunnable.java:30)
	at java.lang.Thread.run(Thread.java:750)
2025-03-31 02:12:05 [redisson-timer-4-1] ERROR o.r.c.handler.PingConnectionHandler - Unable to send PING command over channel: [id: 0x11f56f6a, L:/192.168.1.103:58008 - R:192.10.84.130/192.10.84.130:6381]
org.redisson.client.RedisTimeoutException: Command execution timeout for command: (PING), params: [], Redis client: [addr=redis://192.10.84.130:6381]
	at org.redisson.client.RedisConnection.lambda$async$0(RedisConnection.java:261)
	at io.netty.util.HashedWheelTimer$HashedWheelTimeout.run(HashedWheelTimer.java:715)
	at io.netty.util.concurrent.ImmediateExecutor.execute(ImmediateExecutor.java:34)
	at io.netty.util.HashedWheelTimer$HashedWheelTimeout.expire(HashedWheelTimer.java:703)
	at io.netty.util.HashedWheelTimer$HashedWheelBucket.expireTimeouts(HashedWheelTimer.java:790)
	at io.netty.util.HashedWheelTimer$Worker.run(HashedWheelTimer.java:503)
	at io.netty.util.concurrent.FastThreadLocalRunnable.run(FastThreadLocalRunnable.java:30)
	at java.lang.Thread.run(Thread.java:750)
2025-03-31 02:12:05 [redisson-timer-4-1] ERROR o.r.c.handler.PingConnectionHandler - Unable to send PING command over channel: [id: 0xecaec40f, L:/192.168.1.103:58003 - R:192.10.84.130/192.10.84.130:6381]
org.redisson.client.RedisTimeoutException: Command execution timeout for command: (PING), params: [], Redis client: [addr=redis://192.10.84.130:6381]
	at org.redisson.client.RedisConnection.lambda$async$0(RedisConnection.java:261)
	at io.netty.util.HashedWheelTimer$HashedWheelTimeout.run(HashedWheelTimer.java:715)
	at io.netty.util.concurrent.ImmediateExecutor.execute(ImmediateExecutor.java:34)
	at io.netty.util.HashedWheelTimer$HashedWheelTimeout.expire(HashedWheelTimer.java:703)
	at io.netty.util.HashedWheelTimer$HashedWheelBucket.expireTimeouts(HashedWheelTimer.java:790)
	at io.netty.util.HashedWheelTimer$Worker.run(HashedWheelTimer.java:503)
	at io.netty.util.concurrent.FastThreadLocalRunnable.run(FastThreadLocalRunnable.java:30)
	at java.lang.Thread.run(Thread.java:750)
2025-03-31 02:12:05 [redisson-timer-4-1] ERROR o.r.c.handler.PingConnectionHandler - Unable to send PING command over channel: [id: 0xce589a4e, L:/192.168.1.103:58006 - R:192.10.84.130/192.10.84.130:6381]
org.redisson.client.RedisTimeoutException: Command execution timeout for command: (PING), params: [], Redis client: [addr=redis://192.10.84.130:6381]
	at org.redisson.client.RedisConnection.lambda$async$0(RedisConnection.java:261)
	at io.netty.util.HashedWheelTimer$HashedWheelTimeout.run(HashedWheelTimer.java:715)
	at io.netty.util.concurrent.ImmediateExecutor.execute(ImmediateExecutor.java:34)
	at io.netty.util.HashedWheelTimer$HashedWheelTimeout.expire(HashedWheelTimer.java:703)
	at io.netty.util.HashedWheelTimer$HashedWheelBucket.expireTimeouts(HashedWheelTimer.java:790)
	at io.netty.util.HashedWheelTimer$Worker.run(HashedWheelTimer.java:503)
	at io.netty.util.concurrent.FastThreadLocalRunnable.run(FastThreadLocalRunnable.java:30)
	at java.lang.Thread.run(Thread.java:750)
2025-03-31 16:56:02 [XNIO-1 I/O-1] ERROR c.r.c.w.handler.PlusWebSocketHandler - [transport error] sessionId: 8bbcf7ca-1150-3ef1-64c1-78525d204a25 , exception:Connection reset by peer
2025-03-31 16:56:02 [XNIO-1 I/O-6] ERROR c.r.c.w.handler.PlusWebSocketHandler - [transport error] sessionId: 5e4aa952-4472-b0e1-4cf2-0c21b31100dd , exception:Connection reset by peer
2025-03-31 17:04:07 [XNIO-1 I/O-1] ERROR c.r.c.w.handler.PlusWebSocketHandler - [transport error] sessionId: fd296435-6229-beff-9f04-27664ebcc6fd , exception:Connection reset by peer
2025-03-31 17:24:40 [XNIO-1 I/O-3] ERROR c.r.c.w.handler.PlusWebSocketHandler - [transport error] sessionId: 98c50edb-0b1b-0a5e-b08f-acdb37c9ccb7 , exception:Connection reset by peer
2025-03-31 18:24:42 [XNIO-1 I/O-3] ERROR c.r.c.w.handler.PlusWebSocketHandler - [transport error] sessionId: a62ce28b-2ee7-dd9a-eefd-82b59cd0472e , exception:Connection reset by peer
2025-03-31 18:25:36 [XNIO-1 I/O-7] ERROR c.r.c.w.handler.PlusWebSocketHandler - [transport error] sessionId: a2a9a0c3-d7fc-8a93-fe47-7a3c62de1c7f , exception:Connection reset by peer
2025-03-31 18:30:26 [XNIO-1 I/O-2] ERROR c.r.c.websocket.utils.WebSocketUtils - [send] session(StandardWebSocketSession[id=b33946ad-3b9d-f668-c88e-b3545b446c7a, uri=/resource/websocket?Authorization=Bearer%20eyJ0eXAiOiJKV1QiLCJhbGciOiJIUzI1NiJ9.eyJsb2dpblR5cGUiOiJsb2dpbiIsImxvZ2luSWQiOiJhcHBfdXNlcjoxNzYzODAxMzI1NjQ2NzUzNzk0Iiwicm5TdHIiOiJEZmZuTnZKZjZqYWhNck9CMGlsaUJLVThZRVhTb2FGdSIsInVzZXJJZCI6MTc2MzgwMTMyNTY0Njc1Mzc5NH0.YsxFrqhMPeDZ2lQSppYPKDCblmhdOPORVXlghKxlHG4&clientid=1763801325646753794]) 发送消息(TextMessage payload=[pong,17434..], byteCount=18, last=true]) 异常
java.io.IOException: UT000094: Blocking await method called from IO thread. Blocking IO must be dispatched to a worker thread or deadlocks will result.
	at io.undertow.server.protocol.framed.AbstractFramedStreamSinkChannel.awaitWritable(AbstractFramedStreamSinkChannel.java:319)
	at io.undertow.server.protocol.framed.AbstractFramedStreamSinkChannel.awaitWritable(AbstractFramedStreamSinkChannel.java:313)
	at org.xnio.channels.Channels.writeBlocking(Channels.java:149)
	at io.undertow.websockets.jsr.WebSocketSessionRemoteEndpoint$BasicWebSocketSessionRemoteEndpoint.sendText(WebSocketSessionRemoteEndpoint.java:283)
	at org.springframework.web.socket.adapter.standard.StandardWebSocketSession.sendTextMessage(StandardWebSocketSession.java:215)
	at org.springframework.web.socket.adapter.AbstractWebSocketSession.sendMessage(AbstractWebSocketSession.java:108)
	at com.ruoyi.common.websocket.utils.WebSocketUtils.sendMessage(WebSocketUtils.java:104)
	at com.ruoyi.common.websocket.utils.WebSocketUtils.sendMessage(WebSocketUtils.java:96)
	at com.ruoyi.common.websocket.handler.PlusWebSocketHandler.handleTextMessage(PlusWebSocketHandler.java:73)
	at org.springframework.web.socket.handler.AbstractWebSocketHandler.handleMessage(AbstractWebSocketHandler.java:43)
	at org.springframework.web.socket.handler.WebSocketHandlerDecorator.handleMessage(WebSocketHandlerDecorator.java:75)
	at org.springframework.web.socket.handler.LoggingWebSocketHandlerDecorator.handleMessage(LoggingWebSocketHandlerDecorator.java:56)
	at org.springframework.web.socket.handler.ExceptionWebSocketHandlerDecorator.handleMessage(ExceptionWebSocketHandlerDecorator.java:58)
	at org.springframework.web.socket.adapter.standard.StandardWebSocketHandlerAdapter.handleTextMessage(StandardWebSocketHandlerAdapter.java:114)
	at org.springframework.web.socket.adapter.standard.StandardWebSocketHandlerAdapter.access$000(StandardWebSocketHandlerAdapter.java:43)
	at org.springframework.web.socket.adapter.standard.StandardWebSocketHandlerAdapter$3.onMessage(StandardWebSocketHandlerAdapter.java:85)
	at org.springframework.web.socket.adapter.standard.StandardWebSocketHandlerAdapter$3.onMessage(StandardWebSocketHandlerAdapter.java:82)
	at io.undertow.websockets.jsr.FrameHandler$7.run(FrameHandler.java:288)
	at io.undertow.websockets.jsr.ServerWebSocketContainer$1.call(ServerWebSocketContainer.java:170)
	at io.undertow.websockets.jsr.ServerWebSocketContainer$1.call(ServerWebSocketContainer.java:167)
	at io.undertow.servlet.core.ContextClassLoaderSetupAction$1.call(ContextClassLoaderSetupAction.java:43)
	at io.undertow.websockets.jsr.ServerWebSocketContainer.invokeEndpointMethod(ServerWebSocketContainer.java:610)
	at io.undertow.websockets.jsr.ServerWebSocketContainer.invokeEndpointMethod(ServerWebSocketContainer.java:600)
	at io.undertow.websockets.jsr.FrameHandler.invokeTextHandler(FrameHandler.java:268)
	at io.undertow.websockets.jsr.FrameHandler.onFullTextMessage(FrameHandler.java:319)
	at io.undertow.websockets.core.AbstractReceiveListener$2.complete(AbstractReceiveListener.java:156)
	at io.undertow.websockets.core.AbstractReceiveListener$2.complete(AbstractReceiveListener.java:152)
	at io.undertow.websockets.core.BufferedTextMessage.read(BufferedTextMessage.java:105)
	at io.undertow.websockets.core.AbstractReceiveListener.readBufferedText(AbstractReceiveListener.java:152)
	at io.undertow.websockets.core.AbstractReceiveListener.bufferFullMessage(AbstractReceiveListener.java:90)
	at io.undertow.websockets.jsr.FrameHandler.onText(FrameHandler.java:184)
	at io.undertow.websockets.core.AbstractReceiveListener.handleEvent(AbstractReceiveListener.java:44)
	at io.undertow.websockets.core.AbstractReceiveListener.handleEvent(AbstractReceiveListener.java:33)
	at org.xnio.ChannelListeners.invokeChannelListener(ChannelListeners.java:92)
	at io.undertow.server.protocol.framed.AbstractFramedChannel$FrameReadListener.handleEvent(AbstractFramedChannel.java:974)
	at io.undertow.server.protocol.framed.AbstractFramedChannel$FrameReadListener.handleEvent(AbstractFramedChannel.java:954)
	at org.xnio.ChannelListeners.invokeChannelListener(ChannelListeners.java:92)
	at org.xnio.conduits.ReadReadyHandler$ChannelListenerHandler.readReady(ReadReadyHandler.java:66)
	at org.xnio.nio.NioSocketConduit.handleReady(NioSocketConduit.java:89)
	at org.xnio.nio.WorkerThread.run(WorkerThread.java:591)
2025-03-31 18:30:31 [XNIO-1 I/O-2] ERROR c.r.c.websocket.utils.WebSocketUtils - [send] session(StandardWebSocketSession[id=b33946ad-3b9d-f668-c88e-b3545b446c7a, uri=/resource/websocket?Authorization=Bearer%20eyJ0eXAiOiJKV1QiLCJhbGciOiJIUzI1NiJ9.eyJsb2dpblR5cGUiOiJsb2dpbiIsImxvZ2luSWQiOiJhcHBfdXNlcjoxNzYzODAxMzI1NjQ2NzUzNzk0Iiwicm5TdHIiOiJEZmZuTnZKZjZqYWhNck9CMGlsaUJLVThZRVhTb2FGdSIsInVzZXJJZCI6MTc2MzgwMTMyNTY0Njc1Mzc5NH0.YsxFrqhMPeDZ2lQSppYPKDCblmhdOPORVXlghKxlHG4&clientid=1763801325646753794]) 发送消息(TextMessage payload=[pong,17434..], byteCount=18, last=true]) 异常
java.io.IOException: UT000094: Blocking await method called from IO thread. Blocking IO must be dispatched to a worker thread or deadlocks will result.
	at io.undertow.server.protocol.framed.AbstractFramedStreamSinkChannel.awaitWritable(AbstractFramedStreamSinkChannel.java:319)
	at io.undertow.server.protocol.framed.AbstractFramedStreamSinkChannel.awaitWritable(AbstractFramedStreamSinkChannel.java:313)
	at org.xnio.channels.Channels.flushBlocking(Channels.java:64)
	at io.undertow.websockets.jsr.WebSocketSessionRemoteEndpoint$BasicWebSocketSessionRemoteEndpoint.sendText(WebSocketSessionRemoteEndpoint.java:287)
	at org.springframework.web.socket.adapter.standard.StandardWebSocketSession.sendTextMessage(StandardWebSocketSession.java:215)
	at org.springframework.web.socket.adapter.AbstractWebSocketSession.sendMessage(AbstractWebSocketSession.java:108)
	at com.ruoyi.common.websocket.utils.WebSocketUtils.sendMessage(WebSocketUtils.java:104)
	at com.ruoyi.common.websocket.utils.WebSocketUtils.sendMessage(WebSocketUtils.java:96)
	at com.ruoyi.common.websocket.handler.PlusWebSocketHandler.handleTextMessage(PlusWebSocketHandler.java:73)
	at org.springframework.web.socket.handler.AbstractWebSocketHandler.handleMessage(AbstractWebSocketHandler.java:43)
	at org.springframework.web.socket.handler.WebSocketHandlerDecorator.handleMessage(WebSocketHandlerDecorator.java:75)
	at org.springframework.web.socket.handler.LoggingWebSocketHandlerDecorator.handleMessage(LoggingWebSocketHandlerDecorator.java:56)
	at org.springframework.web.socket.handler.ExceptionWebSocketHandlerDecorator.handleMessage(ExceptionWebSocketHandlerDecorator.java:58)
	at org.springframework.web.socket.adapter.standard.StandardWebSocketHandlerAdapter.handleTextMessage(StandardWebSocketHandlerAdapter.java:114)
	at org.springframework.web.socket.adapter.standard.StandardWebSocketHandlerAdapter.access$000(StandardWebSocketHandlerAdapter.java:43)
	at org.springframework.web.socket.adapter.standard.StandardWebSocketHandlerAdapter$3.onMessage(StandardWebSocketHandlerAdapter.java:85)
	at org.springframework.web.socket.adapter.standard.StandardWebSocketHandlerAdapter$3.onMessage(StandardWebSocketHandlerAdapter.java:82)
	at io.undertow.websockets.jsr.FrameHandler$7.run(FrameHandler.java:288)
	at io.undertow.websockets.jsr.ServerWebSocketContainer$1.call(ServerWebSocketContainer.java:170)
	at io.undertow.websockets.jsr.ServerWebSocketContainer$1.call(ServerWebSocketContainer.java:167)
	at io.undertow.servlet.core.ContextClassLoaderSetupAction$1.call(ContextClassLoaderSetupAction.java:43)
	at io.undertow.websockets.jsr.ServerWebSocketContainer.invokeEndpointMethod(ServerWebSocketContainer.java:610)
	at io.undertow.websockets.jsr.ServerWebSocketContainer.invokeEndpointMethod(ServerWebSocketContainer.java:600)
	at io.undertow.websockets.jsr.FrameHandler.invokeTextHandler(FrameHandler.java:268)
	at io.undertow.websockets.jsr.FrameHandler.onFullTextMessage(FrameHandler.java:319)
	at io.undertow.websockets.core.AbstractReceiveListener$2.complete(AbstractReceiveListener.java:156)
	at io.undertow.websockets.core.AbstractReceiveListener$2.complete(AbstractReceiveListener.java:152)
	at io.undertow.websockets.core.BufferedTextMessage.read(BufferedTextMessage.java:105)
	at io.undertow.websockets.core.AbstractReceiveListener.readBufferedText(AbstractReceiveListener.java:152)
	at io.undertow.websockets.core.AbstractReceiveListener.bufferFullMessage(AbstractReceiveListener.java:90)
	at io.undertow.websockets.jsr.FrameHandler.onText(FrameHandler.java:184)
	at io.undertow.websockets.core.AbstractReceiveListener.handleEvent(AbstractReceiveListener.java:44)
	at io.undertow.websockets.core.AbstractReceiveListener.handleEvent(AbstractReceiveListener.java:33)
	at org.xnio.ChannelListeners.invokeChannelListener(ChannelListeners.java:92)
	at io.undertow.server.protocol.framed.AbstractFramedChannel$FrameReadListener.handleEvent(AbstractFramedChannel.java:974)
	at io.undertow.server.protocol.framed.AbstractFramedChannel$FrameReadListener.handleEvent(AbstractFramedChannel.java:954)
	at org.xnio.ChannelListeners.invokeChannelListener(ChannelListeners.java:92)
	at org.xnio.conduits.ReadReadyHandler$ChannelListenerHandler.readReady(ReadReadyHandler.java:66)
	at org.xnio.nio.NioSocketConduit.handleReady(NioSocketConduit.java:89)
	at org.xnio.nio.WorkerThread.run(WorkerThread.java:591)
2025-03-31 18:30:36 [XNIO-1 I/O-2] ERROR c.r.c.websocket.utils.WebSocketUtils - [send] session(StandardWebSocketSession[id=b33946ad-3b9d-f668-c88e-b3545b446c7a, uri=/resource/websocket?Authorization=Bearer%20eyJ0eXAiOiJKV1QiLCJhbGciOiJIUzI1NiJ9.eyJsb2dpblR5cGUiOiJsb2dpbiIsImxvZ2luSWQiOiJhcHBfdXNlcjoxNzYzODAxMzI1NjQ2NzUzNzk0Iiwicm5TdHIiOiJEZmZuTnZKZjZqYWhNck9CMGlsaUJLVThZRVhTb2FGdSIsInVzZXJJZCI6MTc2MzgwMTMyNTY0Njc1Mzc5NH0.YsxFrqhMPeDZ2lQSppYPKDCblmhdOPORVXlghKxlHG4&clientid=1763801325646753794]) 发送消息(TextMessage payload=[pong,17434..], byteCount=18, last=true]) 异常
java.io.IOException: UT000094: Blocking await method called from IO thread. Blocking IO must be dispatched to a worker thread or deadlocks will result.
	at io.undertow.server.protocol.framed.AbstractFramedStreamSinkChannel.awaitWritable(AbstractFramedStreamSinkChannel.java:319)
	at io.undertow.server.protocol.framed.AbstractFramedStreamSinkChannel.awaitWritable(AbstractFramedStreamSinkChannel.java:313)
	at org.xnio.channels.Channels.flushBlocking(Channels.java:64)
	at io.undertow.websockets.jsr.WebSocketSessionRemoteEndpoint$BasicWebSocketSessionRemoteEndpoint.sendText(WebSocketSessionRemoteEndpoint.java:287)
	at org.springframework.web.socket.adapter.standard.StandardWebSocketSession.sendTextMessage(StandardWebSocketSession.java:215)
	at org.springframework.web.socket.adapter.AbstractWebSocketSession.sendMessage(AbstractWebSocketSession.java:108)
	at com.ruoyi.common.websocket.utils.WebSocketUtils.sendMessage(WebSocketUtils.java:104)
	at com.ruoyi.common.websocket.utils.WebSocketUtils.sendMessage(WebSocketUtils.java:96)
	at com.ruoyi.common.websocket.handler.PlusWebSocketHandler.handleTextMessage(PlusWebSocketHandler.java:73)
	at org.springframework.web.socket.handler.AbstractWebSocketHandler.handleMessage(AbstractWebSocketHandler.java:43)
	at org.springframework.web.socket.handler.WebSocketHandlerDecorator.handleMessage(WebSocketHandlerDecorator.java:75)
	at org.springframework.web.socket.handler.LoggingWebSocketHandlerDecorator.handleMessage(LoggingWebSocketHandlerDecorator.java:56)
	at org.springframework.web.socket.handler.ExceptionWebSocketHandlerDecorator.handleMessage(ExceptionWebSocketHandlerDecorator.java:58)
	at org.springframework.web.socket.adapter.standard.StandardWebSocketHandlerAdapter.handleTextMessage(StandardWebSocketHandlerAdapter.java:114)
	at org.springframework.web.socket.adapter.standard.StandardWebSocketHandlerAdapter.access$000(StandardWebSocketHandlerAdapter.java:43)
	at org.springframework.web.socket.adapter.standard.StandardWebSocketHandlerAdapter$3.onMessage(StandardWebSocketHandlerAdapter.java:85)
	at org.springframework.web.socket.adapter.standard.StandardWebSocketHandlerAdapter$3.onMessage(StandardWebSocketHandlerAdapter.java:82)
	at io.undertow.websockets.jsr.FrameHandler$7.run(FrameHandler.java:288)
	at io.undertow.websockets.jsr.ServerWebSocketContainer$1.call(ServerWebSocketContainer.java:170)
	at io.undertow.websockets.jsr.ServerWebSocketContainer$1.call(ServerWebSocketContainer.java:167)
	at io.undertow.servlet.core.ContextClassLoaderSetupAction$1.call(ContextClassLoaderSetupAction.java:43)
	at io.undertow.websockets.jsr.ServerWebSocketContainer.invokeEndpointMethod(ServerWebSocketContainer.java:610)
	at io.undertow.websockets.jsr.ServerWebSocketContainer.invokeEndpointMethod(ServerWebSocketContainer.java:600)
	at io.undertow.websockets.jsr.FrameHandler.invokeTextHandler(FrameHandler.java:268)
	at io.undertow.websockets.jsr.FrameHandler.onFullTextMessage(FrameHandler.java:319)
	at io.undertow.websockets.core.AbstractReceiveListener$2.complete(AbstractReceiveListener.java:156)
	at io.undertow.websockets.core.AbstractReceiveListener$2.complete(AbstractReceiveListener.java:152)
	at io.undertow.websockets.core.BufferedTextMessage.read(BufferedTextMessage.java:105)
	at io.undertow.websockets.core.AbstractReceiveListener.readBufferedText(AbstractReceiveListener.java:152)
	at io.undertow.websockets.core.AbstractReceiveListener.bufferFullMessage(AbstractReceiveListener.java:90)
	at io.undertow.websockets.jsr.FrameHandler.onText(FrameHandler.java:184)
	at io.undertow.websockets.core.AbstractReceiveListener.handleEvent(AbstractReceiveListener.java:44)
	at io.undertow.websockets.core.AbstractReceiveListener.handleEvent(AbstractReceiveListener.java:33)
	at org.xnio.ChannelListeners.invokeChannelListener(ChannelListeners.java:92)
	at io.undertow.server.protocol.framed.AbstractFramedChannel$FrameReadListener.handleEvent(AbstractFramedChannel.java:974)
	at io.undertow.server.protocol.framed.AbstractFramedChannel$FrameReadListener.handleEvent(AbstractFramedChannel.java:954)
	at org.xnio.ChannelListeners.invokeChannelListener(ChannelListeners.java:92)
	at org.xnio.conduits.ReadReadyHandler$ChannelListenerHandler.readReady(ReadReadyHandler.java:66)
	at org.xnio.nio.NioSocketConduit.handleReady(NioSocketConduit.java:89)
	at org.xnio.nio.WorkerThread.run(WorkerThread.java:591)
2025-03-31 18:30:41 [XNIO-1 I/O-2] ERROR c.r.c.websocket.utils.WebSocketUtils - [send] session(StandardWebSocketSession[id=b33946ad-3b9d-f668-c88e-b3545b446c7a, uri=/resource/websocket?Authorization=Bearer%20eyJ0eXAiOiJKV1QiLCJhbGciOiJIUzI1NiJ9.eyJsb2dpblR5cGUiOiJsb2dpbiIsImxvZ2luSWQiOiJhcHBfdXNlcjoxNzYzODAxMzI1NjQ2NzUzNzk0Iiwicm5TdHIiOiJEZmZuTnZKZjZqYWhNck9CMGlsaUJLVThZRVhTb2FGdSIsInVzZXJJZCI6MTc2MzgwMTMyNTY0Njc1Mzc5NH0.YsxFrqhMPeDZ2lQSppYPKDCblmhdOPORVXlghKxlHG4&clientid=1763801325646753794]) 发送消息(TextMessage payload=[pong,17434..], byteCount=18, last=true]) 异常
java.io.IOException: UT000094: Blocking await method called from IO thread. Blocking IO must be dispatched to a worker thread or deadlocks will result.
	at io.undertow.server.protocol.framed.AbstractFramedStreamSinkChannel.awaitWritable(AbstractFramedStreamSinkChannel.java:319)
	at io.undertow.server.protocol.framed.AbstractFramedStreamSinkChannel.awaitWritable(AbstractFramedStreamSinkChannel.java:313)
	at org.xnio.channels.Channels.flushBlocking(Channels.java:64)
	at io.undertow.websockets.jsr.WebSocketSessionRemoteEndpoint$BasicWebSocketSessionRemoteEndpoint.sendText(WebSocketSessionRemoteEndpoint.java:287)
	at org.springframework.web.socket.adapter.standard.StandardWebSocketSession.sendTextMessage(StandardWebSocketSession.java:215)
	at org.springframework.web.socket.adapter.AbstractWebSocketSession.sendMessage(AbstractWebSocketSession.java:108)
	at com.ruoyi.common.websocket.utils.WebSocketUtils.sendMessage(WebSocketUtils.java:104)
	at com.ruoyi.common.websocket.utils.WebSocketUtils.sendMessage(WebSocketUtils.java:96)
	at com.ruoyi.common.websocket.handler.PlusWebSocketHandler.handleTextMessage(PlusWebSocketHandler.java:73)
	at org.springframework.web.socket.handler.AbstractWebSocketHandler.handleMessage(AbstractWebSocketHandler.java:43)
	at org.springframework.web.socket.handler.WebSocketHandlerDecorator.handleMessage(WebSocketHandlerDecorator.java:75)
	at org.springframework.web.socket.handler.LoggingWebSocketHandlerDecorator.handleMessage(LoggingWebSocketHandlerDecorator.java:56)
	at org.springframework.web.socket.handler.ExceptionWebSocketHandlerDecorator.handleMessage(ExceptionWebSocketHandlerDecorator.java:58)
	at org.springframework.web.socket.adapter.standard.StandardWebSocketHandlerAdapter.handleTextMessage(StandardWebSocketHandlerAdapter.java:114)
	at org.springframework.web.socket.adapter.standard.StandardWebSocketHandlerAdapter.access$000(StandardWebSocketHandlerAdapter.java:43)
	at org.springframework.web.socket.adapter.standard.StandardWebSocketHandlerAdapter$3.onMessage(StandardWebSocketHandlerAdapter.java:85)
	at org.springframework.web.socket.adapter.standard.StandardWebSocketHandlerAdapter$3.onMessage(StandardWebSocketHandlerAdapter.java:82)
	at io.undertow.websockets.jsr.FrameHandler$7.run(FrameHandler.java:288)
	at io.undertow.websockets.jsr.ServerWebSocketContainer$1.call(ServerWebSocketContainer.java:170)
	at io.undertow.websockets.jsr.ServerWebSocketContainer$1.call(ServerWebSocketContainer.java:167)
	at io.undertow.servlet.core.ContextClassLoaderSetupAction$1.call(ContextClassLoaderSetupAction.java:43)
	at io.undertow.websockets.jsr.ServerWebSocketContainer.invokeEndpointMethod(ServerWebSocketContainer.java:610)
	at io.undertow.websockets.jsr.ServerWebSocketContainer.invokeEndpointMethod(ServerWebSocketContainer.java:600)
	at io.undertow.websockets.jsr.FrameHandler.invokeTextHandler(FrameHandler.java:268)
	at io.undertow.websockets.jsr.FrameHandler.onFullTextMessage(FrameHandler.java:319)
	at io.undertow.websockets.core.AbstractReceiveListener$2.complete(AbstractReceiveListener.java:156)
	at io.undertow.websockets.core.AbstractReceiveListener$2.complete(AbstractReceiveListener.java:152)
	at io.undertow.websockets.core.BufferedTextMessage.read(BufferedTextMessage.java:105)
	at io.undertow.websockets.core.AbstractReceiveListener.readBufferedText(AbstractReceiveListener.java:152)
	at io.undertow.websockets.core.AbstractReceiveListener.bufferFullMessage(AbstractReceiveListener.java:90)
	at io.undertow.websockets.jsr.FrameHandler.onText(FrameHandler.java:184)
	at io.undertow.websockets.core.AbstractReceiveListener.handleEvent(AbstractReceiveListener.java:44)
	at io.undertow.websockets.core.AbstractReceiveListener.handleEvent(AbstractReceiveListener.java:33)
	at org.xnio.ChannelListeners.invokeChannelListener(ChannelListeners.java:92)
	at io.undertow.server.protocol.framed.AbstractFramedChannel$FrameReadListener.handleEvent(AbstractFramedChannel.java:974)
	at io.undertow.server.protocol.framed.AbstractFramedChannel$FrameReadListener.handleEvent(AbstractFramedChannel.java:954)
	at org.xnio.ChannelListeners.invokeChannelListener(ChannelListeners.java:92)
	at org.xnio.conduits.ReadReadyHandler$ChannelListenerHandler.readReady(ReadReadyHandler.java:66)
	at org.xnio.nio.NioSocketConduit.handleReady(NioSocketConduit.java:89)
	at org.xnio.nio.WorkerThread.run(WorkerThread.java:591)
2025-03-31 18:30:46 [XNIO-1 I/O-2] ERROR c.r.c.websocket.utils.WebSocketUtils - [send] session(StandardWebSocketSession[id=b33946ad-3b9d-f668-c88e-b3545b446c7a, uri=/resource/websocket?Authorization=Bearer%20eyJ0eXAiOiJKV1QiLCJhbGciOiJIUzI1NiJ9.eyJsb2dpblR5cGUiOiJsb2dpbiIsImxvZ2luSWQiOiJhcHBfdXNlcjoxNzYzODAxMzI1NjQ2NzUzNzk0Iiwicm5TdHIiOiJEZmZuTnZKZjZqYWhNck9CMGlsaUJLVThZRVhTb2FGdSIsInVzZXJJZCI6MTc2MzgwMTMyNTY0Njc1Mzc5NH0.YsxFrqhMPeDZ2lQSppYPKDCblmhdOPORVXlghKxlHG4&clientid=1763801325646753794]) 发送消息(TextMessage payload=[pong,17434..], byteCount=18, last=true]) 异常
java.io.IOException: UT000094: Blocking await method called from IO thread. Blocking IO must be dispatched to a worker thread or deadlocks will result.
	at io.undertow.server.protocol.framed.AbstractFramedStreamSinkChannel.awaitWritable(AbstractFramedStreamSinkChannel.java:319)
	at io.undertow.server.protocol.framed.AbstractFramedStreamSinkChannel.awaitWritable(AbstractFramedStreamSinkChannel.java:313)
	at org.xnio.channels.Channels.flushBlocking(Channels.java:64)
	at io.undertow.websockets.jsr.WebSocketSessionRemoteEndpoint$BasicWebSocketSessionRemoteEndpoint.sendText(WebSocketSessionRemoteEndpoint.java:287)
	at org.springframework.web.socket.adapter.standard.StandardWebSocketSession.sendTextMessage(StandardWebSocketSession.java:215)
	at org.springframework.web.socket.adapter.AbstractWebSocketSession.sendMessage(AbstractWebSocketSession.java:108)
	at com.ruoyi.common.websocket.utils.WebSocketUtils.sendMessage(WebSocketUtils.java:104)
	at com.ruoyi.common.websocket.utils.WebSocketUtils.sendMessage(WebSocketUtils.java:96)
	at com.ruoyi.common.websocket.handler.PlusWebSocketHandler.handleTextMessage(PlusWebSocketHandler.java:73)
	at org.springframework.web.socket.handler.AbstractWebSocketHandler.handleMessage(AbstractWebSocketHandler.java:43)
	at org.springframework.web.socket.handler.WebSocketHandlerDecorator.handleMessage(WebSocketHandlerDecorator.java:75)
	at org.springframework.web.socket.handler.LoggingWebSocketHandlerDecorator.handleMessage(LoggingWebSocketHandlerDecorator.java:56)
	at org.springframework.web.socket.handler.ExceptionWebSocketHandlerDecorator.handleMessage(ExceptionWebSocketHandlerDecorator.java:58)
	at org.springframework.web.socket.adapter.standard.StandardWebSocketHandlerAdapter.handleTextMessage(StandardWebSocketHandlerAdapter.java:114)
	at org.springframework.web.socket.adapter.standard.StandardWebSocketHandlerAdapter.access$000(StandardWebSocketHandlerAdapter.java:43)
	at org.springframework.web.socket.adapter.standard.StandardWebSocketHandlerAdapter$3.onMessage(StandardWebSocketHandlerAdapter.java:85)
	at org.springframework.web.socket.adapter.standard.StandardWebSocketHandlerAdapter$3.onMessage(StandardWebSocketHandlerAdapter.java:82)
	at io.undertow.websockets.jsr.FrameHandler$7.run(FrameHandler.java:288)
	at io.undertow.websockets.jsr.ServerWebSocketContainer$1.call(ServerWebSocketContainer.java:170)
	at io.undertow.websockets.jsr.ServerWebSocketContainer$1.call(ServerWebSocketContainer.java:167)
	at io.undertow.servlet.core.ContextClassLoaderSetupAction$1.call(ContextClassLoaderSetupAction.java:43)
	at io.undertow.websockets.jsr.ServerWebSocketContainer.invokeEndpointMethod(ServerWebSocketContainer.java:610)
	at io.undertow.websockets.jsr.ServerWebSocketContainer.invokeEndpointMethod(ServerWebSocketContainer.java:600)
	at io.undertow.websockets.jsr.FrameHandler.invokeTextHandler(FrameHandler.java:268)
	at io.undertow.websockets.jsr.FrameHandler.onFullTextMessage(FrameHandler.java:319)
	at io.undertow.websockets.core.AbstractReceiveListener$2.complete(AbstractReceiveListener.java:156)
	at io.undertow.websockets.core.AbstractReceiveListener$2.complete(AbstractReceiveListener.java:152)
	at io.undertow.websockets.core.BufferedTextMessage.read(BufferedTextMessage.java:105)
	at io.undertow.websockets.core.AbstractReceiveListener.readBufferedText(AbstractReceiveListener.java:152)
	at io.undertow.websockets.core.AbstractReceiveListener.bufferFullMessage(AbstractReceiveListener.java:90)
	at io.undertow.websockets.jsr.FrameHandler.onText(FrameHandler.java:184)
	at io.undertow.websockets.core.AbstractReceiveListener.handleEvent(AbstractReceiveListener.java:44)
	at io.undertow.websockets.core.AbstractReceiveListener.handleEvent(AbstractReceiveListener.java:33)
	at org.xnio.ChannelListeners.invokeChannelListener(ChannelListeners.java:92)
	at io.undertow.server.protocol.framed.AbstractFramedChannel$FrameReadListener.handleEvent(AbstractFramedChannel.java:974)
	at io.undertow.server.protocol.framed.AbstractFramedChannel$FrameReadListener.handleEvent(AbstractFramedChannel.java:954)
	at org.xnio.ChannelListeners.invokeChannelListener(ChannelListeners.java:92)
	at org.xnio.conduits.ReadReadyHandler$ChannelListenerHandler.readReady(ReadReadyHandler.java:66)
	at org.xnio.nio.NioSocketConduit.handleReady(NioSocketConduit.java:89)
	at org.xnio.nio.WorkerThread.run(WorkerThread.java:591)
2025-03-31 18:31:19 [XNIO-1 I/O-2] ERROR c.r.c.websocket.utils.WebSocketUtils - [send] session(StandardWebSocketSession[id=b33946ad-3b9d-f668-c88e-b3545b446c7a, uri=/resource/websocket?Authorization=Bearer%20eyJ0eXAiOiJKV1QiLCJhbGciOiJIUzI1NiJ9.eyJsb2dpblR5cGUiOiJsb2dpbiIsImxvZ2luSWQiOiJhcHBfdXNlcjoxNzYzODAxMzI1NjQ2NzUzNzk0Iiwicm5TdHIiOiJEZmZuTnZKZjZqYWhNck9CMGlsaUJLVThZRVhTb2FGdSIsInVzZXJJZCI6MTc2MzgwMTMyNTY0Njc1Mzc5NH0.YsxFrqhMPeDZ2lQSppYPKDCblmhdOPORVXlghKxlHG4&clientid=1763801325646753794]) 发送消息(TextMessage payload=[pong,17434..], byteCount=18, last=true]) 异常
java.io.IOException: UT000094: Blocking await method called from IO thread. Blocking IO must be dispatched to a worker thread or deadlocks will result.
	at io.undertow.server.protocol.framed.AbstractFramedStreamSinkChannel.awaitWritable(AbstractFramedStreamSinkChannel.java:319)
	at io.undertow.server.protocol.framed.AbstractFramedStreamSinkChannel.awaitWritable(AbstractFramedStreamSinkChannel.java:313)
	at org.xnio.channels.Channels.flushBlocking(Channels.java:64)
	at io.undertow.websockets.jsr.WebSocketSessionRemoteEndpoint$BasicWebSocketSessionRemoteEndpoint.sendText(WebSocketSessionRemoteEndpoint.java:287)
	at org.springframework.web.socket.adapter.standard.StandardWebSocketSession.sendTextMessage(StandardWebSocketSession.java:215)
	at org.springframework.web.socket.adapter.AbstractWebSocketSession.sendMessage(AbstractWebSocketSession.java:108)
	at com.ruoyi.common.websocket.utils.WebSocketUtils.sendMessage(WebSocketUtils.java:104)
	at com.ruoyi.common.websocket.utils.WebSocketUtils.sendMessage(WebSocketUtils.java:96)
	at com.ruoyi.common.websocket.handler.PlusWebSocketHandler.handleTextMessage(PlusWebSocketHandler.java:73)
	at org.springframework.web.socket.handler.AbstractWebSocketHandler.handleMessage(AbstractWebSocketHandler.java:43)
	at org.springframework.web.socket.handler.WebSocketHandlerDecorator.handleMessage(WebSocketHandlerDecorator.java:75)
	at org.springframework.web.socket.handler.LoggingWebSocketHandlerDecorator.handleMessage(LoggingWebSocketHandlerDecorator.java:56)
	at org.springframework.web.socket.handler.ExceptionWebSocketHandlerDecorator.handleMessage(ExceptionWebSocketHandlerDecorator.java:58)
	at org.springframework.web.socket.adapter.standard.StandardWebSocketHandlerAdapter.handleTextMessage(StandardWebSocketHandlerAdapter.java:114)
	at org.springframework.web.socket.adapter.standard.StandardWebSocketHandlerAdapter.access$000(StandardWebSocketHandlerAdapter.java:43)
	at org.springframework.web.socket.adapter.standard.StandardWebSocketHandlerAdapter$3.onMessage(StandardWebSocketHandlerAdapter.java:85)
	at org.springframework.web.socket.adapter.standard.StandardWebSocketHandlerAdapter$3.onMessage(StandardWebSocketHandlerAdapter.java:82)
	at io.undertow.websockets.jsr.FrameHandler$7.run(FrameHandler.java:288)
	at io.undertow.websockets.jsr.ServerWebSocketContainer$1.call(ServerWebSocketContainer.java:170)
	at io.undertow.websockets.jsr.ServerWebSocketContainer$1.call(ServerWebSocketContainer.java:167)
	at io.undertow.servlet.core.ContextClassLoaderSetupAction$1.call(ContextClassLoaderSetupAction.java:43)
	at io.undertow.websockets.jsr.ServerWebSocketContainer.invokeEndpointMethod(ServerWebSocketContainer.java:610)
	at io.undertow.websockets.jsr.ServerWebSocketContainer.invokeEndpointMethod(ServerWebSocketContainer.java:600)
	at io.undertow.websockets.jsr.FrameHandler.invokeTextHandler(FrameHandler.java:268)
	at io.undertow.websockets.jsr.FrameHandler.onFullTextMessage(FrameHandler.java:319)
	at io.undertow.websockets.core.AbstractReceiveListener$2.complete(AbstractReceiveListener.java:156)
	at io.undertow.websockets.core.AbstractReceiveListener$2.complete(AbstractReceiveListener.java:152)
	at io.undertow.websockets.core.BufferedTextMessage.read(BufferedTextMessage.java:105)
	at io.undertow.websockets.core.AbstractReceiveListener.readBufferedText(AbstractReceiveListener.java:152)
	at io.undertow.websockets.core.AbstractReceiveListener.bufferFullMessage(AbstractReceiveListener.java:90)
	at io.undertow.websockets.jsr.FrameHandler.onText(FrameHandler.java:184)
	at io.undertow.websockets.core.AbstractReceiveListener.handleEvent(AbstractReceiveListener.java:44)
	at io.undertow.websockets.core.AbstractReceiveListener.handleEvent(AbstractReceiveListener.java:33)
	at org.xnio.ChannelListeners.invokeChannelListener(ChannelListeners.java:92)
	at io.undertow.server.protocol.framed.AbstractFramedChannel$FrameReadListener.handleEvent(AbstractFramedChannel.java:974)
	at io.undertow.server.protocol.framed.AbstractFramedChannel$FrameReadListener.handleEvent(AbstractFramedChannel.java:954)
	at org.xnio.ChannelListeners.invokeChannelListener(ChannelListeners.java:92)
	at org.xnio.conduits.ReadReadyHandler$ChannelListenerHandler.readReady(ReadReadyHandler.java:66)
	at org.xnio.nio.NioSocketConduit.handleReady(NioSocketConduit.java:89)
	at org.xnio.nio.WorkerThread.run(WorkerThread.java:591)
2025-03-31 18:31:20 [XNIO-1 I/O-2] ERROR c.r.c.websocket.utils.WebSocketUtils - [send] session(StandardWebSocketSession[id=b33946ad-3b9d-f668-c88e-b3545b446c7a, uri=/resource/websocket?Authorization=Bearer%20eyJ0eXAiOiJKV1QiLCJhbGciOiJIUzI1NiJ9.eyJsb2dpblR5cGUiOiJsb2dpbiIsImxvZ2luSWQiOiJhcHBfdXNlcjoxNzYzODAxMzI1NjQ2NzUzNzk0Iiwicm5TdHIiOiJEZmZuTnZKZjZqYWhNck9CMGlsaUJLVThZRVhTb2FGdSIsInVzZXJJZCI6MTc2MzgwMTMyNTY0Njc1Mzc5NH0.YsxFrqhMPeDZ2lQSppYPKDCblmhdOPORVXlghKxlHG4&clientid=1763801325646753794]) 发送消息(TextMessage payload=[pong,17434..], byteCount=18, last=true]) 异常
java.io.IOException: UT000094: Blocking await method called from IO thread. Blocking IO must be dispatched to a worker thread or deadlocks will result.
	at io.undertow.server.protocol.framed.AbstractFramedStreamSinkChannel.awaitWritable(AbstractFramedStreamSinkChannel.java:319)
	at io.undertow.server.protocol.framed.AbstractFramedStreamSinkChannel.awaitWritable(AbstractFramedStreamSinkChannel.java:313)
	at org.xnio.channels.Channels.flushBlocking(Channels.java:64)
	at io.undertow.websockets.jsr.WebSocketSessionRemoteEndpoint$BasicWebSocketSessionRemoteEndpoint.sendText(WebSocketSessionRemoteEndpoint.java:287)
	at org.springframework.web.socket.adapter.standard.StandardWebSocketSession.sendTextMessage(StandardWebSocketSession.java:215)
	at org.springframework.web.socket.adapter.AbstractWebSocketSession.sendMessage(AbstractWebSocketSession.java:108)
	at com.ruoyi.common.websocket.utils.WebSocketUtils.sendMessage(WebSocketUtils.java:104)
	at com.ruoyi.common.websocket.utils.WebSocketUtils.sendMessage(WebSocketUtils.java:96)
	at com.ruoyi.common.websocket.handler.PlusWebSocketHandler.handleTextMessage(PlusWebSocketHandler.java:73)
	at org.springframework.web.socket.handler.AbstractWebSocketHandler.handleMessage(AbstractWebSocketHandler.java:43)
	at org.springframework.web.socket.handler.WebSocketHandlerDecorator.handleMessage(WebSocketHandlerDecorator.java:75)
	at org.springframework.web.socket.handler.LoggingWebSocketHandlerDecorator.handleMessage(LoggingWebSocketHandlerDecorator.java:56)
	at org.springframework.web.socket.handler.ExceptionWebSocketHandlerDecorator.handleMessage(ExceptionWebSocketHandlerDecorator.java:58)
	at org.springframework.web.socket.adapter.standard.StandardWebSocketHandlerAdapter.handleTextMessage(StandardWebSocketHandlerAdapter.java:114)
	at org.springframework.web.socket.adapter.standard.StandardWebSocketHandlerAdapter.access$000(StandardWebSocketHandlerAdapter.java:43)
	at org.springframework.web.socket.adapter.standard.StandardWebSocketHandlerAdapter$3.onMessage(StandardWebSocketHandlerAdapter.java:85)
	at org.springframework.web.socket.adapter.standard.StandardWebSocketHandlerAdapter$3.onMessage(StandardWebSocketHandlerAdapter.java:82)
	at io.undertow.websockets.jsr.FrameHandler$7.run(FrameHandler.java:288)
	at io.undertow.websockets.jsr.ServerWebSocketContainer$1.call(ServerWebSocketContainer.java:170)
	at io.undertow.websockets.jsr.ServerWebSocketContainer$1.call(ServerWebSocketContainer.java:167)
	at io.undertow.servlet.core.ContextClassLoaderSetupAction$1.call(ContextClassLoaderSetupAction.java:43)
	at io.undertow.websockets.jsr.ServerWebSocketContainer.invokeEndpointMethod(ServerWebSocketContainer.java:610)
	at io.undertow.websockets.jsr.ServerWebSocketContainer.invokeEndpointMethod(ServerWebSocketContainer.java:600)
	at io.undertow.websockets.jsr.FrameHandler.invokeTextHandler(FrameHandler.java:268)
	at io.undertow.websockets.jsr.FrameHandler.onFullTextMessage(FrameHandler.java:319)
	at io.undertow.websockets.core.AbstractReceiveListener$2.complete(AbstractReceiveListener.java:156)
	at io.undertow.websockets.core.AbstractReceiveListener$2.complete(AbstractReceiveListener.java:152)
	at io.undertow.websockets.core.BufferedTextMessage.read(BufferedTextMessage.java:105)
	at io.undertow.websockets.core.AbstractReceiveListener.readBufferedText(AbstractReceiveListener.java:152)
	at io.undertow.websockets.core.AbstractReceiveListener.bufferFullMessage(AbstractReceiveListener.java:90)
	at io.undertow.websockets.jsr.FrameHandler.onText(FrameHandler.java:184)
	at io.undertow.websockets.core.AbstractReceiveListener.handleEvent(AbstractReceiveListener.java:44)
	at io.undertow.websockets.core.AbstractReceiveListener.handleEvent(AbstractReceiveListener.java:33)
	at org.xnio.ChannelListeners.invokeChannelListener(ChannelListeners.java:92)
	at io.undertow.server.protocol.framed.AbstractFramedChannel$FrameReadListener.handleEvent(AbstractFramedChannel.java:974)
	at io.undertow.server.protocol.framed.AbstractFramedChannel$FrameReadListener.handleEvent(AbstractFramedChannel.java:954)
	at org.xnio.ChannelListeners.invokeChannelListener(ChannelListeners.java:92)
	at org.xnio.conduits.ReadReadyHandler$ChannelListenerHandler.readReady(ReadReadyHandler.java:66)
	at org.xnio.nio.NioSocketConduit.handleReady(NioSocketConduit.java:89)
	at org.xnio.nio.WorkerThread.run(WorkerThread.java:591)
2025-03-31 18:31:21 [XNIO-1 I/O-2] ERROR c.r.c.w.handler.PlusWebSocketHandler - [transport error] sessionId: b33946ad-3b9d-f668-c88e-b3545b446c7a , exception:Connection reset by peer
2025-03-31 18:31:21 [redisson-3-2] ERROR c.r.c.websocket.utils.WebSocketUtils - [send] session(StandardWebSocketSession[id=b33946ad-3b9d-f668-c88e-b3545b446c7a, uri=/resource/websocket?Authorization=Bearer%20eyJ0eXAiOiJKV1QiLCJhbGciOiJIUzI1NiJ9.eyJsb2dpblR5cGUiOiJsb2dpbiIsImxvZ2luSWQiOiJhcHBfdXNlcjoxNzYzODAxMzI1NjQ2NzUzNzk0Iiwicm5TdHIiOiJEZmZuTnZKZjZqYWhNck9CMGlsaUJLVThZRVhTb2FGdSIsInVzZXJJZCI6MTc2MzgwMTMyNTY0Njc1Mzc5NH0.YsxFrqhMPeDZ2lQSppYPKDCblmhdOPORVXlghKxlHG4&clientid=1763801325646753794]) 发送消息(TextMessage payload=[{"action":..], byteCount=333, last=true]) 异常
java.nio.channels.ClosedChannelException: null
	at io.undertow.server.protocol.framed.AbstractFramedStreamSinkChannel.flush(AbstractFramedStreamSinkChannel.java:372)
	at org.xnio.channels.Channels.flushBlocking(Channels.java:63)
	at io.undertow.websockets.jsr.WebSocketSessionRemoteEndpoint$BasicWebSocketSessionRemoteEndpoint.sendText(WebSocketSessionRemoteEndpoint.java:287)
	at org.springframework.web.socket.adapter.standard.StandardWebSocketSession.sendTextMessage(StandardWebSocketSession.java:215)
	at org.springframework.web.socket.adapter.AbstractWebSocketSession.sendMessage(AbstractWebSocketSession.java:108)
	at com.ruoyi.common.websocket.utils.WebSocketUtils.sendMessage(WebSocketUtils.java:104)
	at com.ruoyi.common.websocket.utils.WebSocketUtils.sendMessage(WebSocketUtils.java:96)
	at com.ruoyi.common.websocket.utils.WebSocketUtils.sendMessage(WebSocketUtils.java:39)
	at com.ruoyi.common.websocket.listener.WebSocketTopicListener.lambda$null$0(WebSocketTopicListener.java:27)
	at java.util.ArrayList.forEach(ArrayList.java:1259)
	at com.ruoyi.common.websocket.listener.WebSocketTopicListener.lambda$run$2(WebSocketTopicListener.java:25)
	at com.ruoyi.common.utils.redis.RedisUtils.lambda$subscribe$0(RedisUtils.java:82)
	at org.redisson.PubSubMessageListener.onMessage(PubSubMessageListener.java:79)
	at org.redisson.client.RedisPubSubConnection.onMessage(RedisPubSubConnection.java:68)
	at org.redisson.client.handler.CommandPubSubDecoder$1.run(CommandPubSubDecoder.java:164)
	at java.util.concurrent.ThreadPoolExecutor.runWorker(ThreadPoolExecutor.java:1149)
	at java.util.concurrent.ThreadPoolExecutor$Worker.run(ThreadPoolExecutor.java:624)
	at io.netty.util.concurrent.FastThreadLocalRunnable.run(FastThreadLocalRunnable.java:30)
	at java.lang.Thread.run(Thread.java:750)
2025-03-31 18:31:21 [redisson-3-3] ERROR c.r.c.websocket.utils.WebSocketUtils - [send] session(StandardWebSocketSession[id=b33946ad-3b9d-f668-c88e-b3545b446c7a, uri=/resource/websocket?Authorization=Bearer%20eyJ0eXAiOiJKV1QiLCJhbGciOiJIUzI1NiJ9.eyJsb2dpblR5cGUiOiJsb2dpbiIsImxvZ2luSWQiOiJhcHBfdXNlcjoxNzYzODAxMzI1NjQ2NzUzNzk0Iiwicm5TdHIiOiJEZmZuTnZKZjZqYWhNck9CMGlsaUJLVThZRVhTb2FGdSIsInVzZXJJZCI6MTc2MzgwMTMyNTY0Njc1Mzc5NH0.YsxFrqhMPeDZ2lQSppYPKDCblmhdOPORVXlghKxlHG4&clientid=1763801325646753794]) 发送消息(TextMessage payload=[{"action":..], byteCount=332, last=true]) 异常
java.nio.channels.ClosedChannelException: null
	at io.undertow.server.protocol.framed.AbstractFramedStreamSinkChannel.flush(AbstractFramedStreamSinkChannel.java:372)
	at org.xnio.channels.Channels.flushBlocking(Channels.java:63)
	at io.undertow.websockets.jsr.WebSocketSessionRemoteEndpoint$BasicWebSocketSessionRemoteEndpoint.sendText(WebSocketSessionRemoteEndpoint.java:287)
	at org.springframework.web.socket.adapter.standard.StandardWebSocketSession.sendTextMessage(StandardWebSocketSession.java:215)
	at org.springframework.web.socket.adapter.AbstractWebSocketSession.sendMessage(AbstractWebSocketSession.java:108)
	at com.ruoyi.common.websocket.utils.WebSocketUtils.sendMessage(WebSocketUtils.java:104)
	at com.ruoyi.common.websocket.utils.WebSocketUtils.sendMessage(WebSocketUtils.java:96)
	at com.ruoyi.common.websocket.utils.WebSocketUtils.sendMessage(WebSocketUtils.java:39)
	at com.ruoyi.common.websocket.listener.WebSocketTopicListener.lambda$null$0(WebSocketTopicListener.java:27)
	at java.util.ArrayList.forEach(ArrayList.java:1259)
	at com.ruoyi.common.websocket.listener.WebSocketTopicListener.lambda$run$2(WebSocketTopicListener.java:25)
	at com.ruoyi.common.utils.redis.RedisUtils.lambda$subscribe$0(RedisUtils.java:82)
	at org.redisson.PubSubMessageListener.onMessage(PubSubMessageListener.java:79)
	at org.redisson.client.RedisPubSubConnection.onMessage(RedisPubSubConnection.java:68)
	at org.redisson.client.handler.CommandPubSubDecoder$1.run(CommandPubSubDecoder.java:164)
	at java.util.concurrent.ThreadPoolExecutor.runWorker(ThreadPoolExecutor.java:1149)
	at java.util.concurrent.ThreadPoolExecutor$Worker.run(ThreadPoolExecutor.java:624)
	at io.netty.util.concurrent.FastThreadLocalRunnable.run(FastThreadLocalRunnable.java:30)
	at java.lang.Thread.run(Thread.java:750)
2025-03-31 18:39:29 [XNIO-1 I/O-6] ERROR c.r.c.w.handler.PlusWebSocketHandler - [transport error] sessionId: e2b73a1a-21f8-108d-57a7-ea648bd3f80a , exception:Connection reset by peer
2025-03-31 18:39:29 [XNIO-1 task-5] ERROR c.r.f.w.e.GlobalExceptionHandler - 请求地址'/api/armory/getMapCoordinate',发生系统异常.
java.io.IOException: Broken pipe
	at sun.nio.ch.FileDispatcherImpl.writev0(Native Method)
	at sun.nio.ch.SocketDispatcher.writev(SocketDispatcher.java:51)
	at sun.nio.ch.IOUtil.write(IOUtil.java:148)
	at sun.nio.ch.SocketChannelImpl.write(SocketChannelImpl.java:503)
	at org.xnio.nio.NioSocketConduit.write(NioSocketConduit.java:162)
	at io.undertow.server.protocol.http.HttpResponseConduit.write(HttpResponseConduit.java:667)
	at io.undertow.conduits.ChunkedStreamSinkConduit.doWrite(ChunkedStreamSinkConduit.java:166)
	at io.undertow.conduits.ChunkedStreamSinkConduit.write(ChunkedStreamSinkConduit.java:128)
	at io.undertow.conduits.ChunkedStreamSinkConduit.write(ChunkedStreamSinkConduit.java:220)
	at org.xnio.conduits.ConduitStreamSinkChannel.write(ConduitStreamSinkChannel.java:158)
	at io.undertow.channels.DetachableStreamSinkChannel.write(DetachableStreamSinkChannel.java:179)
	at io.undertow.server.HttpServerExchange$WriteDispatchChannel.write(HttpServerExchange.java:2165)
	at org.xnio.channels.Channels.writeBlocking(Channels.java:202)
	at io.undertow.servlet.spec.ServletOutputStreamImpl.writeTooLargeForBuffer(ServletOutputStreamImpl.java:201)
	at io.undertow.servlet.spec.ServletOutputStreamImpl.write(ServletOutputStreamImpl.java:149)
	at org.springframework.util.StreamUtils$NonClosingOutputStream.write(StreamUtils.java:287)
	at com.fasterxml.jackson.core.json.UTF8JsonGenerator._flushBuffer(UTF8JsonGenerator.java:2171)
	at com.fasterxml.jackson.core.json.UTF8JsonGenerator.writeString(UTF8JsonGenerator.java:515)
	at com.fasterxml.jackson.databind.ser.std.StringSerializer.serialize(StringSerializer.java:41)
	at com.fasterxml.jackson.databind.ser.BeanPropertyWriter.serializeAsField(BeanPropertyWriter.java:728)
	at com.fasterxml.jackson.databind.ser.std.BeanSerializerBase.serializeFields(BeanSerializerBase.java:774)
	at com.fasterxml.jackson.databind.ser.BeanSerializer.serialize(BeanSerializer.java:178)
	at com.fasterxml.jackson.databind.ser.impl.IndexedListSerializer.serializeContents(IndexedListSerializer.java:119)
	at com.fasterxml.jackson.databind.ser.impl.IndexedListSerializer.serialize(IndexedListSerializer.java:79)
	at com.fasterxml.jackson.databind.ser.impl.IndexedListSerializer.serialize(IndexedListSerializer.java:18)
	at com.fasterxml.jackson.databind.ser.BeanPropertyWriter.serializeAsField(BeanPropertyWriter.java:728)
	at com.fasterxml.jackson.databind.ser.std.BeanSerializerBase.serializeFields(BeanSerializerBase.java:774)
	at com.fasterxml.jackson.databind.ser.BeanSerializer.serialize(BeanSerializer.java:178)
	at com.fasterxml.jackson.databind.ser.std.MapSerializer.serializeFields(MapSerializer.java:808)
	at com.fasterxml.jackson.databind.ser.std.MapSerializer.serializeWithoutTypeInfo(MapSerializer.java:764)
	at com.fasterxml.jackson.databind.ser.std.MapSerializer.serialize(MapSerializer.java:720)
	at com.fasterxml.jackson.databind.ser.std.MapSerializer.serialize(MapSerializer.java:35)
	at com.fasterxml.jackson.databind.ser.BeanPropertyWriter.serializeAsField(BeanPropertyWriter.java:728)
	at com.fasterxml.jackson.databind.ser.std.BeanSerializerBase.serializeFields(BeanSerializerBase.java:774)
	at com.fasterxml.jackson.databind.ser.BeanSerializer.serialize(BeanSerializer.java:178)
	at com.fasterxml.jackson.databind.ser.DefaultSerializerProvider._serialize(DefaultSerializerProvider.java:480)
	at com.fasterxml.jackson.databind.ser.DefaultSerializerProvider.serializeValue(DefaultSerializerProvider.java:319)
	at com.fasterxml.jackson.databind.ObjectWriter$Prefetch.serialize(ObjectWriter.java:1518)
	at com.fasterxml.jackson.databind.ObjectWriter.writeValue(ObjectWriter.java:1007)
	at org.springframework.http.converter.json.AbstractJackson2HttpMessageConverter.writeInternal(AbstractJackson2HttpMessageConverter.java:456)
	at org.springframework.http.converter.AbstractGenericHttpMessageConverter.write(AbstractGenericHttpMessageConverter.java:104)
	at org.springframework.web.servlet.mvc.method.annotation.AbstractMessageConverterMethodProcessor.writeWithMessageConverters(AbstractMessageConverterMethodProcessor.java:290)
	at org.springframework.web.servlet.mvc.method.annotation.RequestResponseBodyMethodProcessor.handleReturnValue(RequestResponseBodyMethodProcessor.java:183)
	at org.springframework.web.method.support.HandlerMethodReturnValueHandlerComposite.handleReturnValue(HandlerMethodReturnValueHandlerComposite.java:78)
	at org.springframework.web.servlet.mvc.method.annotation.ServletInvocableHandlerMethod.invokeAndHandle(ServletInvocableHandlerMethod.java:135)
	at org.springframework.web.servlet.mvc.method.annotation.RequestMappingHandlerAdapter.invokeHandlerMethod(RequestMappingHandlerAdapter.java:895)
	at org.springframework.web.servlet.mvc.method.annotation.RequestMappingHandlerAdapter.handleInternal(RequestMappingHandlerAdapter.java:808)
	at org.springframework.web.servlet.mvc.method.AbstractHandlerMethodAdapter.handle(AbstractHandlerMethodAdapter.java:87)
	at org.springframework.web.servlet.DispatcherServlet.doDispatch(DispatcherServlet.java:1072)
	at org.springframework.web.servlet.DispatcherServlet.doService(DispatcherServlet.java:965)
	at org.springframework.web.servlet.FrameworkServlet.processRequest(FrameworkServlet.java:1006)
	at org.springframework.web.servlet.FrameworkServlet.doPost(FrameworkServlet.java:909)
	at javax.servlet.http.HttpServlet.service(HttpServlet.java:517)
	at org.springframework.web.servlet.FrameworkServlet.service(FrameworkServlet.java:883)
	at javax.servlet.http.HttpServlet.service(HttpServlet.java:584)
	at io.undertow.servlet.handlers.ServletHandler.handleRequest(ServletHandler.java:74)
	at io.undertow.servlet.handlers.FilterHandler$FilterChainImpl.doFilter(FilterHandler.java:129)
	at org.springframework.web.filter.CorsFilter.doFilterInternal(CorsFilter.java:91)
	at org.springframework.web.filter.OncePerRequestFilter.doFilter(OncePerRequestFilter.java:117)
	at io.undertow.servlet.core.ManagedFilter.doFilter(ManagedFilter.java:67)
	at io.undertow.servlet.handlers.FilterHandler$FilterChainImpl.doFilter(FilterHandler.java:131)
	at com.ruoyi.common.filter.RepeatableFilter.doFilter(RepeatableFilter.java:32)
	at io.undertow.servlet.core.ManagedFilter.doFilter(ManagedFilter.java:67)
	at io.undertow.servlet.handlers.FilterHandler$FilterChainImpl.doFilter(FilterHandler.java:131)
	at org.springframework.web.filter.RequestContextFilter.doFilterInternal(RequestContextFilter.java:100)
	at org.springframework.web.filter.OncePerRequestFilter.doFilter(OncePerRequestFilter.java:117)
	at io.undertow.servlet.core.ManagedFilter.doFilter(ManagedFilter.java:67)
	at io.undertow.servlet.handlers.FilterHandler$FilterChainImpl.doFilter(FilterHandler.java:131)
	at cn.dev33.satoken.filter.SaPathCheckFilterForServlet.doFilter(SaPathCheckFilterForServlet.java:55)
	at io.undertow.servlet.core.ManagedFilter.doFilter(ManagedFilter.java:67)
	at io.undertow.servlet.handlers.FilterHandler$FilterChainImpl.doFilter(FilterHandler.java:131)
	at org.springframework.web.filter.FormContentFilter.doFilterInternal(FormContentFilter.java:93)
	at org.springframework.web.filter.OncePerRequestFilter.doFilter(OncePerRequestFilter.java:117)
	at io.undertow.servlet.core.ManagedFilter.doFilter(ManagedFilter.java:67)
	at io.undertow.servlet.handlers.FilterHandler$FilterChainImpl.doFilter(FilterHandler.java:131)
	at org.springframework.boot.actuate.metrics.web.servlet.WebMvcMetricsFilter.doFilterInternal(WebMvcMetricsFilter.java:96)
	at org.springframework.web.filter.OncePerRequestFilter.doFilter(OncePerRequestFilter.java:117)
	at io.undertow.servlet.core.ManagedFilter.doFilter(ManagedFilter.java:67)
	at io.undertow.servlet.handlers.FilterHandler$FilterChainImpl.doFilter(FilterHandler.java:131)
	at org.springframework.web.filter.CharacterEncodingFilter.doFilterInternal(CharacterEncodingFilter.java:201)
	at org.springframework.web.filter.OncePerRequestFilter.doFilter(OncePerRequestFilter.java:117)
	at io.undertow.servlet.core.ManagedFilter.doFilter(ManagedFilter.java:67)
	at io.undertow.servlet.handlers.FilterHandler$FilterChainImpl.doFilter(FilterHandler.java:131)
	at io.undertow.servlet.handlers.FilterHandler.handleRequest(FilterHandler.java:84)
	at io.undertow.servlet.handlers.security.ServletSecurityRoleHandler.handleRequest(ServletSecurityRoleHandler.java:62)
	at io.undertow.servlet.handlers.ServletChain$1.handleRequest(ServletChain.java:68)
	at io.undertow.servlet.handlers.ServletDispatchingHandler.handleRequest(ServletDispatchingHandler.java:36)
	at io.undertow.servlet.handlers.RedirectDirHandler.handleRequest(RedirectDirHandler.java:68)
	at io.undertow.servlet.handlers.security.SSLInformationAssociationHandler.handleRequest(SSLInformationAssociationHandler.java:117)
	at io.undertow.servlet.handlers.security.ServletAuthenticationCallHandler.handleRequest(ServletAuthenticationCallHandler.java:57)
	at io.undertow.server.handlers.PredicateHandler.handleRequest(PredicateHandler.java:43)
	at io.undertow.security.handlers.AbstractConfidentialityHandler.handleRequest(AbstractConfidentialityHandler.java:46)
	at io.undertow.servlet.handlers.security.ServletConfidentialityConstraintHandler.handleRequest(ServletConfidentialityConstraintHandler.java:64)
	at io.undertow.security.handlers.AuthenticationMechanismsHandler.handleRequest(AuthenticationMechanismsHandler.java:60)
	at io.undertow.servlet.handlers.security.CachedAuthenticatedSessionHandler.handleRequest(CachedAuthenticatedSessionHandler.java:77)
	at io.undertow.security.handlers.AbstractSecurityContextAssociationHandler.handleRequest(AbstractSecurityContextAssociationHandler.java:43)
	at io.undertow.server.handlers.PredicateHandler.handleRequest(PredicateHandler.java:43)
	at io.undertow.servlet.handlers.SendErrorPageHandler.handleRequest(SendErrorPageHandler.java:52)
	at io.undertow.server.handlers.PredicateHandler.handleRequest(PredicateHandler.java:43)
	at io.undertow.servlet.handlers.ServletInitialHandler.handleFirstRequest(ServletInitialHandler.java:275)
	at io.undertow.servlet.handlers.ServletInitialHandler.access$100(ServletInitialHandler.java:79)
	at io.undertow.servlet.handlers.ServletInitialHandler$2.call(ServletInitialHandler.java:134)
	at io.undertow.servlet.handlers.ServletInitialHandler$2.call(ServletInitialHandler.java:131)
	at io.undertow.servlet.core.ServletRequestContextThreadSetupAction$1.call(ServletRequestContextThreadSetupAction.java:48)
	at io.undertow.servlet.core.ContextClassLoaderSetupAction$1.call(ContextClassLoaderSetupAction.java:43)
	at io.undertow.servlet.handlers.ServletInitialHandler.dispatchRequest(ServletInitialHandler.java:255)
	at io.undertow.servlet.handlers.ServletInitialHandler.access$000(ServletInitialHandler.java:79)
	at io.undertow.servlet.handlers.ServletInitialHandler$1.handleRequest(ServletInitialHandler.java:100)
	at io.undertow.server.Connectors.executeRootHandler(Connectors.java:393)
	at io.undertow.server.HttpServerExchange$1.run(HttpServerExchange.java:852)
	at org.jboss.threads.ContextClassLoaderSavingRunnable.run(ContextClassLoaderSavingRunnable.java:35)
	at org.jboss.threads.EnhancedQueueExecutor.safeRun(EnhancedQueueExecutor.java:2019)
	at org.jboss.threads.EnhancedQueueExecutor$ThreadBody.doRunTask(EnhancedQueueExecutor.java:1558)
	at org.jboss.threads.EnhancedQueueExecutor$ThreadBody.run(EnhancedQueueExecutor.java:1449)
	at org.xnio.XnioWorker$WorkerThreadFactory$1$1.run(XnioWorker.java:1282)
	at java.lang.Thread.run(Thread.java:750)
	Suppressed: java.io.IOException: UT010029: Stream is closed
		at io.undertow.servlet.spec.ServletOutputStreamImpl.write(ServletOutputStreamImpl.java:139)
		at org.springframework.util.StreamUtils$NonClosingOutputStream.write(StreamUtils.java:287)
		at com.fasterxml.jackson.core.json.UTF8JsonGenerator._flushBuffer(UTF8JsonGenerator.java:2171)
		at com.fasterxml.jackson.core.json.UTF8JsonGenerator.close(UTF8JsonGenerator.java:1214)
		at org.springframework.http.converter.json.AbstractJackson2HttpMessageConverter.writeInternal(AbstractJackson2HttpMessageConverter.java:460)
		... 76 common frames omitted
2025-03-31 18:42:29 [XNIO-1 I/O-3] ERROR c.r.c.w.handler.PlusWebSocketHandler - [transport error] sessionId: a940eff8-996c-e3ab-f66c-9ad468a3b26f , exception:Connection reset by peer
2025-03-31 18:42:59 [XNIO-1 I/O-3] ERROR c.r.c.w.handler.PlusWebSocketHandler - [transport error] sessionId: 84da8ab8-2d90-f776-5eae-872a47843b9a , exception:Connection reset by peer
2025-03-31 18:42:59 [XNIO-1 I/O-4] ERROR c.r.c.w.handler.PlusWebSocketHandler - [transport error] sessionId: 0f76e1ba-0e68-8727-cb10-4ab22d0f9375 , exception:Connection reset by peer
